<?xml version="1.0" encoding="UTF-8"?>
<testng-results skipped="0" failed="0" ignored="0" total="1" passed="1">
  <reporter-output>
  </reporter-output>
  <suite name="Default suite" duration-ms="10901" started-at="2017-02-14T09:45:37Z" finished-at="2017-02-14T09:45:48Z">
    <groups>
    </groups>
    <test name="Default test" duration-ms="10901" started-at="2017-02-14T09:45:37Z" finished-at="2017-02-14T09:45:48Z">
      <class name="com.org.ebates.SignUpTest">
        <test-method status="PASS" signature="SignUpTest()[pri:0, instance:com.org.ebates.SignUpTest@91161c7]" name="SignUpTest" duration-ms="10885" started-at="2017-02-14T01:45:37Z" finished-at="2017-02-14T01:45:48Z">
          <reporter-output>
          </reporter-output>
        </test-method> <!-- SignUpTest -->
      </class> <!-- com.org.ebates.SignUpTest -->
    </test> <!-- Default test -->
  </suite> <!-- Default suite -->
</testng-results>
